2019-03-04 20:06:32,517 [Worker-5] INFO  c.g.t.t.d.PublishedGradleVersions - Gradle version information cache is up-to-date. Trying to read.
2019-03-04 20:57:56,194 [Worker-45] INFO  o.e.m.c.i.p.ProjectConfigurationManager - Collecting project info '/pom.xml' E:\工作\工作空间\INT工作室\gupiao\gupiao2\pom.xml
2019-03-04 20:58:01,629 [Worker-45] INFO  o.e.m.c.i.l.LifecycleMappingFactory - Using org.maven.ide.eclipse.wtp.WarLifecycleMapping lifecycle mapping for MavenProject: gupiao1:gupiao2:0.0.1-SNAPSHOT @ E:\工作\工作空间\INT工作室\gupiao\gupiao2\pom.xml.
2019-03-04 20:58:04,014 [Worker-45] INFO  o.e.m.j.i.AbstractJavaProjectConfigurator - Adding source folder /gupiao2/src/main/java
2019-03-04 20:58:04,015 [Worker-45] INFO  o.e.m.j.i.AbstractJavaProjectConfigurator - Adding resource folder /gupiao2/src/main/resources
2019-03-04 20:58:04,015 [Worker-45] INFO  o.e.m.j.i.AbstractJavaProjectConfigurator - Adding source folder /gupiao2/src/test/java
2019-03-04 20:58:09,131 [Worker-45] INFO  o.e.m.c.i.p.ProjectConfigurationManager - Imported and configured 1 project(s) in 12 sec
2019-03-04 20:58:10,499 [Worker-48] WARN  o.e.m.c.i.embedder.EclipseLogger - Using platform encoding (GBK actually) to copy filtered resources, i.e. build is platform dependent!
2019-03-04 20:58:10,508 [Worker-48] INFO  o.e.m.c.i.embedder.EclipseLogger - Copying 0 resource
2019-03-04 20:58:10,510 [Worker-48] WARN  o.e.m.c.i.embedder.EclipseLogger - Using platform encoding (GBK actually) to copy filtered resources, i.e. build is platform dependent!
2019-03-04 20:58:10,511 [Worker-48] INFO  o.e.m.c.i.embedder.EclipseLogger - skip non existing resourceDirectory E:\工作\工作空间\INT工作室\gupiao\gupiao2\src\test\resources
2019-03-04 20:58:23,252 [Worker-44] WARN  o.e.m.c.i.embedder.EclipseLogger - Using platform encoding (GBK actually) to copy filtered resources, i.e. build is platform dependent!
2019-03-04 20:58:23,254 [Worker-44] INFO  o.e.m.c.i.embedder.EclipseLogger - Copying 0 resource
2019-03-04 20:58:23,255 [Worker-44] WARN  o.e.m.c.i.embedder.EclipseLogger - Using platform encoding (GBK actually) to copy filtered resources, i.e. build is platform dependent!
2019-03-04 20:58:23,256 [Worker-44] INFO  o.e.m.c.i.embedder.EclipseLogger - skip non existing resourceDirectory E:\工作\工作空间\INT工作室\gupiao\gupiao2\src\test\resources
2019-03-04 20:58:25,370 [Worker-50] WARN  o.e.m.c.i.embedder.EclipseLogger - Using platform encoding (GBK actually) to copy filtered resources, i.e. build is platform dependent!
2019-03-04 20:58:25,371 [Worker-50] INFO  o.e.m.c.i.embedder.EclipseLogger - Copying 0 resource
2019-03-04 20:58:25,372 [Worker-50] WARN  o.e.m.c.i.embedder.EclipseLogger - Using platform encoding (GBK actually) to copy filtered resources, i.e. build is platform dependent!
2019-03-04 20:58:25,373 [Worker-50] INFO  o.e.m.c.i.embedder.EclipseLogger - skip non existing resourceDirectory E:\工作\工作空间\INT工作室\gupiao\gupiao2\src\test\resources
2019-03-04 20:58:51,929 [Worker-46] WARN  o.e.m.c.i.embedder.EclipseLogger - Using platform encoding (GBK actually) to copy filtered resources, i.e. build is platform dependent!
2019-03-04 20:58:51,930 [Worker-46] INFO  o.e.m.c.i.embedder.EclipseLogger - Copying 0 resource
2019-03-04 20:58:51,931 [Worker-46] WARN  o.e.m.c.i.embedder.EclipseLogger - Using platform encoding (GBK actually) to copy filtered resources, i.e. build is platform dependent!
2019-03-04 20:58:51,932 [Worker-46] INFO  o.e.m.c.i.embedder.EclipseLogger - skip non existing resourceDirectory E:\工作\工作空间\INT工作室\gupiao\gupiao2\src\test\resources
2019-03-04 21:00:09,582 [Worker-49] INFO  o.e.m.c.i.p.ProjectConfigurationManager - Collecting project info '/pom.xml' E:\工作\工作空间\INT工作室\gupiao\gupiao\pom.xml
2019-03-04 21:00:10,180 [Worker-49] INFO  o.e.m.c.i.l.LifecycleMappingFactory - Using org.maven.ide.eclipse.wtp.WarLifecycleMapping lifecycle mapping for MavenProject: com.intstudio:gupiao:0.0.1-SNAPSHOT @ E:\工作\工作空间\INT工作室\gupiao\gupiao\pom.xml.
2019-03-04 21:00:10,966 [Worker-49] INFO  o.e.m.j.i.AbstractJavaProjectConfigurator - Adding source folder /gupiao/src/main/java
2019-03-04 21:00:10,967 [Worker-49] INFO  o.e.m.j.i.AbstractJavaProjectConfigurator - Adding resource folder /gupiao/src/main/resources
2019-03-04 21:00:10,967 [Worker-49] INFO  o.e.m.j.i.AbstractJavaProjectConfigurator - Adding source folder /gupiao/src/test/java
2019-03-04 21:00:22,634 [Worker-49] INFO  o.e.m.c.i.p.ProjectConfigurationManager - Imported and configured 1 project(s) in 13 sec
2019-03-04 21:00:22,865 [Worker-52] WARN  o.e.m.c.i.embedder.EclipseLogger - Using platform encoding (GBK actually) to copy filtered resources, i.e. build is platform dependent!
2019-03-04 21:00:22,866 [Worker-52] INFO  o.e.m.c.i.embedder.EclipseLogger - Copying 0 resource
2019-03-04 21:00:22,868 [Worker-52] WARN  o.e.m.c.i.embedder.EclipseLogger - Using platform encoding (GBK actually) to copy filtered resources, i.e. build is platform dependent!
2019-03-04 21:00:22,869 [Worker-52] INFO  o.e.m.c.i.embedder.EclipseLogger - skip non existing resourceDirectory E:\工作\工作空间\INT工作室\gupiao\gupiao\src\test\resources
2019-03-04 21:01:52,167 [Worker-51] WARN  o.e.m.c.i.embedder.EclipseLogger - Using platform encoding (GBK actually) to copy filtered resources, i.e. build is platform dependent!
2019-03-04 21:01:52,185 [Worker-51] INFO  o.e.m.c.i.embedder.EclipseLogger - Copying 0 resource
2019-03-04 21:01:52,186 [Worker-51] WARN  o.e.m.c.i.embedder.EclipseLogger - Using platform encoding (GBK actually) to copy filtered resources, i.e. build is platform dependent!
2019-03-04 21:01:52,187 [Worker-51] INFO  o.e.m.c.i.embedder.EclipseLogger - skip non existing resourceDirectory E:\工作\工作空间\INT工作室\gupiao\gupiao\src\test\resources
2019-03-04 21:01:55,590 [Worker-61] WARN  o.e.m.c.i.embedder.EclipseLogger - Using platform encoding (GBK actually) to copy filtered resources, i.e. build is platform dependent!
2019-03-04 21:01:55,591 [Worker-61] INFO  o.e.m.c.i.embedder.EclipseLogger - Copying 0 resource
2019-03-04 21:01:55,592 [Worker-61] WARN  o.e.m.c.i.embedder.EclipseLogger - Using platform encoding (GBK actually) to copy filtered resources, i.e. build is platform dependent!
2019-03-04 21:01:55,593 [Worker-61] INFO  o.e.m.c.i.embedder.EclipseLogger - skip non existing resourceDirectory E:\工作\工作空间\INT工作室\gupiao\gupiao\src\test\resources
2019-03-04 21:03:29,719 [Worker-58] INFO  o.e.m.c.i.e.AbstractTransferListenerAdapter - Downloading https://repo.maven.apache.org/maven2/org/springframework/boot/spring-boot-maven-plugin/1.4.2.RELEASE/spring-boot-maven-plugin-1.4.2.RELEASE.pom
2019-03-04 21:03:30,043 [Worker-58] INFO  o.e.m.c.i.e.AbstractTransferListenerAdapter - Downloaded https://repo.maven.apache.org/maven2/org/springframework/boot/spring-boot-maven-plugin/1.4.2.RELEASE/spring-boot-maven-plugin-1.4.2.RELEASE.pom
2019-03-04 21:03:30,390 [Worker-58] INFO  o.e.m.c.i.e.AbstractTransferListenerAdapter - Downloading https://repo.maven.apache.org/maven2/org/springframework/boot/spring-boot-tools/1.4.2.RELEASE/spring-boot-tools-1.4.2.RELEASE.pom
2019-03-04 21:03:30,685 [Worker-58] INFO  o.e.m.c.i.e.AbstractTransferListenerAdapter - Downloaded https://repo.maven.apache.org/maven2/org/springframework/boot/spring-boot-tools/1.4.2.RELEASE/spring-boot-tools-1.4.2.RELEASE.pom
2019-03-04 21:03:30,983 [Worker-58] INFO  o.e.m.c.i.e.AbstractTransferListenerAdapter - Downloading https://repo.maven.apache.org/maven2/org/springframework/boot/spring-boot-parent/1.4.2.RELEASE/spring-boot-parent-1.4.2.RELEASE.pom
2019-03-04 21:03:31,563 [Worker-58] INFO  o.e.m.c.i.e.AbstractTransferListenerAdapter - Downloaded https://repo.maven.apache.org/maven2/org/springframework/boot/spring-boot-parent/1.4.2.RELEASE/spring-boot-parent-1.4.2.RELEASE.pom
2019-03-04 21:03:31,944 [Worker-58] INFO  o.e.m.c.i.e.AbstractTransferListenerAdapter - Downloading https://repo.maven.apache.org/maven2/org/springframework/boot/spring-boot-dependencies/1.4.2.RELEASE/spring-boot-dependencies-1.4.2.RELEASE.pom
2019-03-04 21:03:32,840 [Worker-58] INFO  o.e.m.c.i.e.AbstractTransferListenerAdapter - Downloaded https://repo.maven.apache.org/maven2/org/springframework/boot/spring-boot-dependencies/1.4.2.RELEASE/spring-boot-dependencies-1.4.2.RELEASE.pom
2019-03-04 21:03:33,145 [Worker-58] INFO  o.e.m.c.i.e.AbstractTransferListenerAdapter - Downloading https://repo.maven.apache.org/maven2/org/springframework/spring-framework-bom/4.3.4.RELEASE/spring-framework-bom-4.3.4.RELEASE.pom
2019-03-04 21:03:33,451 [Worker-58] INFO  o.e.m.c.i.e.AbstractTransferListenerAdapter - Downloaded https://repo.maven.apache.org/maven2/org/springframework/spring-framework-bom/4.3.4.RELEASE/spring-framework-bom-4.3.4.RELEASE.pom
2019-03-04 21:03:33,807 [Worker-58] INFO  o.e.m.c.i.e.AbstractTransferListenerAdapter - Downloading https://repo.maven.apache.org/maven2/org/springframework/data/spring-data-releasetrain/Hopper-SR5/spring-data-releasetrain-Hopper-SR5.pom
2019-03-04 21:03:34,128 [Worker-58] INFO  o.e.m.c.i.e.AbstractTransferListenerAdapter - Downloaded https://repo.maven.apache.org/maven2/org/springframework/data/spring-data-releasetrain/Hopper-SR5/spring-data-releasetrain-Hopper-SR5.pom
2019-03-04 21:03:34,425 [Worker-58] INFO  o.e.m.c.i.e.AbstractTransferListenerAdapter - Downloading https://repo.maven.apache.org/maven2/org/springframework/data/build/spring-data-build/1.8.5.RELEASE/spring-data-build-1.8.5.RELEASE.pom
2019-03-04 21:03:34,723 [Worker-58] INFO  o.e.m.c.i.e.AbstractTransferListenerAdapter - Downloaded https://repo.maven.apache.org/maven2/org/springframework/data/build/spring-data-build/1.8.5.RELEASE/spring-data-build-1.8.5.RELEASE.pom
2019-03-04 21:03:35,022 [Worker-58] INFO  o.e.m.c.i.e.AbstractTransferListenerAdapter - Downloading https://repo.maven.apache.org/maven2/org/springframework/integration/spring-integration-bom/4.3.5.RELEASE/spring-integration-bom-4.3.5.RELEASE.pom
2019-03-04 21:03:35,314 [Worker-58] INFO  o.e.m.c.i.e.AbstractTransferListenerAdapter - Downloaded https://repo.maven.apache.org/maven2/org/springframework/integration/spring-integration-bom/4.3.5.RELEASE/spring-integration-bom-4.3.5.RELEASE.pom
2019-03-04 21:03:35,631 [Worker-58] INFO  o.e.m.c.i.e.AbstractTransferListenerAdapter - Downloading https://repo.maven.apache.org/maven2/org/springframework/security/spring-security-bom/4.1.3.RELEASE/spring-security-bom-4.1.3.RELEASE.pom
2019-03-04 21:03:35,932 [Worker-58] INFO  o.e.m.c.i.e.AbstractTransferListenerAdapter - Downloaded https://repo.maven.apache.org/maven2/org/springframework/security/spring-security-bom/4.1.3.RELEASE/spring-security-bom-4.1.3.RELEASE.pom
2019-03-04 21:03:36,277 [Worker-58] INFO  o.e.m.c.i.e.AbstractTransferListenerAdapter - Downloading https://repo.maven.apache.org/maven2/org/springframework/boot/spring-boot-maven-plugin/1.4.2.RELEASE/spring-boot-maven-plugin-1.4.2.RELEASE.jar
2019-03-04 21:03:36,978 [Worker-58] INFO  o.e.m.c.i.e.AbstractTransferListenerAdapter - Downloaded https://repo.maven.apache.org/maven2/org/springframework/boot/spring-boot-maven-plugin/1.4.2.RELEASE/spring-boot-maven-plugin-1.4.2.RELEASE.jar
2019-03-04 21:03:37,689 [Worker-58] INFO  o.e.m.c.i.e.AbstractTransferListenerAdapter - Downloading https://repo.maven.apache.org/maven2/org/apache/maven/plugins/maven-clean-plugin/3.1.0/maven-clean-plugin-3.1.0.jar
2019-03-04 21:03:37,994 [Worker-58] INFO  o.e.m.c.i.e.AbstractTransferListenerAdapter - Downloaded https://repo.maven.apache.org/maven2/org/apache/maven/plugins/maven-clean-plugin/3.1.0/maven-clean-plugin-3.1.0.jar
2019-03-04 21:03:38,415 [Worker-58] INFO  o.e.m.c.i.e.AbstractTransferListenerAdapter - Downloading https://repo.maven.apache.org/maven2/org/apache/maven/plugins/maven-resources-plugin/3.1.0/maven-resources-plugin-3.1.0.jar
2019-03-04 21:03:38,745 [Worker-58] INFO  o.e.m.c.i.e.AbstractTransferListenerAdapter - Downloaded https://repo.maven.apache.org/maven2/org/apache/maven/plugins/maven-resources-plugin/3.1.0/maven-resources-plugin-3.1.0.jar
2019-03-04 21:03:39,146 [Worker-58] INFO  o.e.m.c.i.e.AbstractTransferListenerAdapter - Downloading https://repo.maven.apache.org/maven2/org/apache/maven/plugins/maven-compiler-plugin/3.8.0/maven-compiler-plugin-3.8.0.jar
2019-03-04 21:03:39,535 [Worker-58] INFO  o.e.m.c.i.e.AbstractTransferListenerAdapter - Downloaded https://repo.maven.apache.org/maven2/org/apache/maven/plugins/maven-compiler-plugin/3.8.0/maven-compiler-plugin-3.8.0.jar
2019-03-04 21:03:39,933 [Worker-58] INFO  o.e.m.c.i.e.AbstractTransferListenerAdapter - Downloading https://repo.maven.apache.org/maven2/org/apache/maven/plugins/maven-surefire-plugin/2.22.1/maven-surefire-plugin-2.22.1.jar
2019-03-04 21:03:40,229 [Worker-58] INFO  o.e.m.c.i.e.AbstractTransferListenerAdapter - Downloaded https://repo.maven.apache.org/maven2/org/apache/maven/plugins/maven-surefire-plugin/2.22.1/maven-surefire-plugin-2.22.1.jar
2019-03-04 21:03:40,631 [Worker-58] INFO  o.e.m.c.i.e.AbstractTransferListenerAdapter - Downloading https://repo.maven.apache.org/maven2/org/apache/maven/plugins/maven-jar-plugin/3.1.0/maven-jar-plugin-3.1.0.jar
2019-03-04 21:03:40,943 [Worker-58] INFO  o.e.m.c.i.e.AbstractTransferListenerAdapter - Downloaded https://repo.maven.apache.org/maven2/org/apache/maven/plugins/maven-jar-plugin/3.1.0/maven-jar-plugin-3.1.0.jar
2019-03-04 21:03:41,348 [Worker-58] INFO  o.e.m.c.i.e.AbstractTransferListenerAdapter - Downloading https://repo.maven.apache.org/maven2/org/apache/maven/plugins/maven-install-plugin/2.5.2/maven-install-plugin-2.5.2.jar
2019-03-04 21:03:41,638 [Worker-58] INFO  o.e.m.c.i.e.AbstractTransferListenerAdapter - Downloaded https://repo.maven.apache.org/maven2/org/apache/maven/plugins/maven-install-plugin/2.5.2/maven-install-plugin-2.5.2.jar
2019-03-04 21:03:42,030 [Worker-58] INFO  o.e.m.c.i.e.AbstractTransferListenerAdapter - Downloading https://repo.maven.apache.org/maven2/org/apache/maven/plugins/maven-deploy-plugin/2.8.2/maven-deploy-plugin-2.8.2.jar
2019-03-04 21:03:42,319 [Worker-58] INFO  o.e.m.c.i.e.AbstractTransferListenerAdapter - Downloaded https://repo.maven.apache.org/maven2/org/apache/maven/plugins/maven-deploy-plugin/2.8.2/maven-deploy-plugin-2.8.2.jar
2019-03-04 21:03:42,843 [Worker-58] INFO  o.e.m.c.i.e.AbstractTransferListenerAdapter - Downloading https://repo.maven.apache.org/maven2/org/apache/maven/plugins/maven-site-plugin/3.7.1/maven-site-plugin-3.7.1.jar
2019-03-04 21:03:43,465 [Worker-58] INFO  o.e.m.c.i.e.AbstractTransferListenerAdapter - Downloaded https://repo.maven.apache.org/maven2/org/apache/maven/plugins/maven-site-plugin/3.7.1/maven-site-plugin-3.7.1.jar
2019-03-04 21:03:43,882 [Worker-58] INFO  o.e.m.c.i.e.AbstractTransferListenerAdapter - Downloading https://repo.maven.apache.org/maven2/org/apache/maven/plugins/maven-compiler-plugin/3.8.0/maven-compiler-plugin-3.8.0.pom
2019-03-04 21:03:44,195 [Worker-58] INFO  o.e.m.c.i.e.AbstractTransferListenerAdapter - Downloaded https://repo.maven.apache.org/maven2/org/apache/maven/plugins/maven-compiler-plugin/3.8.0/maven-compiler-plugin-3.8.0.pom
2019-03-04 21:03:44,540 [Worker-58] INFO  o.e.m.c.i.e.AbstractTransferListenerAdapter - Downloading https://repo.maven.apache.org/maven2/org/apache/maven/plugins/maven-plugins/32/maven-plugins-32.pom
2019-03-04 21:03:44,843 [Worker-58] INFO  o.e.m.c.i.e.AbstractTransferListenerAdapter - Downloaded https://repo.maven.apache.org/maven2/org/apache/maven/plugins/maven-plugins/32/maven-plugins-32.pom
2019-03-04 21:03:46,821 [Worker-58] INFO  o.e.m.c.i.l.LifecycleMappingFactory - Using org.eclipse.m2e.jdt.JarLifecycleMapping lifecycle mapping for MavenProject: com.hzyc.intstudio:intstudio:0.0.1-SNAPSHOT @ E:\工作\工作空间\INT工作室\gupiao\gupiao\pom.xml.
2019-03-04 21:03:48,526 [Worker-58] INFO  o.e.m.c.i.e.AbstractTransferListenerAdapter - Downloading https://repo.maven.apache.org/maven2/org/apache/maven/plugins/maven-resources-plugin/3.1.0/maven-resources-plugin-3.1.0.pom
2019-03-04 21:03:48,841 [Worker-58] INFO  o.e.m.c.i.e.AbstractTransferListenerAdapter - Downloaded https://repo.maven.apache.org/maven2/org/apache/maven/plugins/maven-resources-plugin/3.1.0/maven-resources-plugin-3.1.0.pom
2019-03-04 21:03:49,190 [Worker-58] INFO  o.e.m.c.i.e.AbstractTransferListenerAdapter - Downloading https://repo.maven.apache.org/maven2/org/apache/maven/plugins/maven-plugins/31/maven-plugins-31.pom
2019-03-04 21:03:49,506 [Worker-58] INFO  o.e.m.c.i.e.AbstractTransferListenerAdapter - Downloaded https://repo.maven.apache.org/maven2/org/apache/maven/plugins/maven-plugins/31/maven-plugins-31.pom
2019-03-04 21:03:49,891 [Worker-58] INFO  o.e.m.c.i.e.AbstractTransferListenerAdapter - Downloading https://repo.maven.apache.org/maven2/org/apache/maven/plugins/maven-surefire-plugin/2.22.1/maven-surefire-plugin-2.22.1.pom
2019-03-04 21:03:50,185 [Worker-58] INFO  o.e.m.c.i.e.AbstractTransferListenerAdapter - Downloaded https://repo.maven.apache.org/maven2/org/apache/maven/plugins/maven-surefire-plugin/2.22.1/maven-surefire-plugin-2.22.1.pom
2019-03-04 21:03:50,592 [Worker-58] INFO  o.e.m.c.i.e.AbstractTransferListenerAdapter - Downloading https://repo.maven.apache.org/maven2/org/apache/maven/plugins/maven-jar-plugin/3.1.0/maven-jar-plugin-3.1.0.pom
2019-03-04 21:03:50,881 [Worker-58] INFO  o.e.m.c.i.e.AbstractTransferListenerAdapter - Downloaded https://repo.maven.apache.org/maven2/org/apache/maven/plugins/maven-jar-plugin/3.1.0/maven-jar-plugin-3.1.0.pom
2019-03-04 21:03:54,216 [Worker-58] INFO  o.e.m.c.i.embedder.EclipseLogger - Using 'UTF-8' encoding to copy filtered resources.
2019-03-04 21:03:54,219 [Worker-58] INFO  o.e.m.c.i.embedder.EclipseLogger - Copying 0 resource to META-INF/resources
2019-03-04 21:03:54,219 [Worker-58] INFO  o.e.m.c.i.embedder.EclipseLogger - Copying 0 resource
2019-03-04 21:03:54,219 [Worker-58] INFO  o.e.m.c.i.embedder.EclipseLogger - skip non existing resourceDirectory E:\工作\工作空间\INT工作室\gupiao\gupiao\src\main\java
2019-03-04 21:03:54,222 [Worker-58] INFO  o.e.m.c.i.embedder.EclipseLogger - Using 'UTF-8' encoding to copy filtered resources.
2019-03-04 21:03:54,222 [Worker-58] INFO  o.e.m.c.i.embedder.EclipseLogger - skip non existing resourceDirectory E:\工作\工作空间\INT工作室\gupiao\gupiao\src\test\resources
2019-03-04 21:03:57,714 [Worker-57] INFO  o.e.m.c.i.l.LifecycleMappingFactory - Using null lifecycle mapping for MavenProject: com.intstudio:gupiao:0.0.1-SNAPSHOT @ E:\工作\工作空间\INT工作室\gupiao\gupiao\pom.xml.
2019-03-04 21:04:12,906 [Worker-57] INFO  o.e.m.c.i.l.LifecycleMappingFactory - Using org.maven.ide.eclipse.wtp.WarLifecycleMapping lifecycle mapping for MavenProject: com.intstudio:gupiao:0.0.1-SNAPSHOT @ E:\工作\工作空间\INT工作室\gupiao\gupiao\pom.xml.
2019-03-04 21:04:13,859 [Worker-57] WARN  o.e.m.c.i.embedder.EclipseLogger - Using platform encoding (GBK actually) to copy filtered resources, i.e. build is platform dependent!
2019-03-04 21:04:13,861 [Worker-57] INFO  o.e.m.c.i.embedder.EclipseLogger - Copying 0 resource
2019-03-04 21:04:13,863 [Worker-57] WARN  o.e.m.c.i.embedder.EclipseLogger - Using platform encoding (GBK actually) to copy filtered resources, i.e. build is platform dependent!
2019-03-04 21:04:13,863 [Worker-57] INFO  o.e.m.c.i.embedder.EclipseLogger - skip non existing resourceDirectory E:\工作\工作空间\INT工作室\gupiao\gupiao\src\test\resources
2019-03-04 21:04:13,863 [Worker-57] INFO  o.e.m.w.i.f.ResourceFilteringBuildParticipant - Changed resources require a complete clean of filtered resources of gupiao
2019-03-04 21:04:13,899 [Worker-57] INFO  o.e.m.w.i.f.ResourceFilteringBuildParticipant - Executing resource filtering for gupiao
2019-03-04 21:04:13,903 [Worker-57] WARN  o.e.m.c.i.embedder.EclipseLogger - Using platform encoding (GBK actually) to copy filtered resources, i.e. build is platform dependent!
2019-03-04 21:04:15,097 [Worker-62] WARN  o.e.m.c.i.embedder.EclipseLogger - Using platform encoding (GBK actually) to copy filtered resources, i.e. build is platform dependent!
2019-03-04 21:04:15,098 [Worker-62] INFO  o.e.m.c.i.embedder.EclipseLogger - Copying 0 resource
2019-03-04 21:04:15,099 [Worker-62] WARN  o.e.m.c.i.embedder.EclipseLogger - Using platform encoding (GBK actually) to copy filtered resources, i.e. build is platform dependent!
2019-03-04 21:04:15,099 [Worker-62] INFO  o.e.m.c.i.embedder.EclipseLogger - skip non existing resourceDirectory E:\工作\工作空间\INT工作室\gupiao\gupiao\src\test\resources
2019-03-04 21:04:43,017 [Worker-53] INFO  o.e.m.c.i.p.ProjectConfigurationManager - Collecting project info '/pom.xml' E:\工作\工作空间\INT工作室\gupiao\gupiao\pom.xml
2019-03-04 21:04:43,490 [Worker-53] INFO  o.e.m.c.i.l.LifecycleMappingFactory - Using org.maven.ide.eclipse.wtp.WarLifecycleMapping lifecycle mapping for MavenProject: com.hzyc.intstudio:gupiao:0.0.1-SNAPSHOT @ E:\工作\工作空间\INT工作室\gupiao\gupiao\pom.xml.
2019-03-04 21:04:44,043 [Worker-53] INFO  o.e.m.j.i.AbstractJavaProjectConfigurator - Adding source folder /gupiao/src/main/java
2019-03-04 21:04:44,043 [Worker-53] INFO  o.e.m.j.i.AbstractJavaProjectConfigurator - Adding resource folder /gupiao/src/main/resources
2019-03-04 21:04:44,044 [Worker-53] INFO  o.e.m.j.i.AbstractJavaProjectConfigurator - Adding source folder /gupiao/src/test/java
2019-03-04 21:04:45,979 [Worker-53] INFO  o.e.m.c.i.p.ProjectConfigurationManager - Imported and configured 1 project(s) in 2 sec
2019-03-04 21:04:46,218 [Worker-51] WARN  o.e.m.c.i.embedder.EclipseLogger - Using platform encoding (GBK actually) to copy filtered resources, i.e. build is platform dependent!
2019-03-04 21:04:46,220 [Worker-51] INFO  o.e.m.c.i.embedder.EclipseLogger - Copying 0 resource
2019-03-04 21:04:46,222 [Worker-51] WARN  o.e.m.c.i.embedder.EclipseLogger - Using platform encoding (GBK actually) to copy filtered resources, i.e. build is platform dependent!
2019-03-04 21:04:46,222 [Worker-51] INFO  o.e.m.c.i.embedder.EclipseLogger - skip non existing resourceDirectory E:\工作\工作空间\INT工作室\gupiao\gupiao\src\test\resources
2019-03-04 21:04:59,909 [Worker-58] INFO  o.e.m.c.i.l.LifecycleMappingFactory - Using org.eclipse.m2e.jdt.JarLifecycleMapping lifecycle mapping for MavenProject: com.hzyc.intstudio:intstudio:0.0.1-SNAPSHOT @ E:\工作\工作空间\INT工作室\gupiao\gupiao\pom.xml.
2019-03-04 21:05:01,682 [Worker-58] INFO  o.e.m.c.i.embedder.EclipseLogger - Using 'UTF-8' encoding to copy filtered resources.
2019-03-04 21:05:01,684 [Worker-58] INFO  o.e.m.c.i.embedder.EclipseLogger - Copying 0 resource to META-INF/resources
2019-03-04 21:05:01,685 [Worker-58] INFO  o.e.m.c.i.embedder.EclipseLogger - Copying 0 resource
2019-03-04 21:05:01,685 [Worker-58] INFO  o.e.m.c.i.embedder.EclipseLogger - skip non existing resourceDirectory E:\工作\工作空间\INT工作室\gupiao\gupiao\src\main\java
2019-03-04 21:05:01,687 [Worker-58] INFO  o.e.m.c.i.embedder.EclipseLogger - Using 'UTF-8' encoding to copy filtered resources.
2019-03-04 21:05:01,687 [Worker-58] INFO  o.e.m.c.i.embedder.EclipseLogger - skip non existing resourceDirectory E:\工作\工作空间\INT工作室\gupiao\gupiao\src\test\resources
2019-03-04 21:05:02,778 [Worker-58] INFO  o.e.m.c.i.embedder.EclipseLogger - Using 'UTF-8' encoding to copy filtered resources.
2019-03-04 21:05:02,844 [Worker-58] INFO  o.e.m.c.i.embedder.EclipseLogger - Copying 2 resources to META-INF/resources
2019-03-04 21:05:02,860 [Worker-58] INFO  o.e.m.c.i.embedder.EclipseLogger - Copying 0 resource
2019-03-04 21:05:02,861 [Worker-58] INFO  o.e.m.c.i.embedder.EclipseLogger - skip non existing resourceDirectory E:\工作\工作空间\INT工作室\gupiao\gupiao\src\main\java
2019-03-04 21:05:02,863 [Worker-58] INFO  o.e.m.c.i.embedder.EclipseLogger - Using 'UTF-8' encoding to copy filtered resources.
2019-03-04 21:05:02,863 [Worker-58] INFO  o.e.m.c.i.embedder.EclipseLogger - skip non existing resourceDirectory E:\工作\工作空间\INT工作室\gupiao\gupiao\src\test\resources
2019-03-04 21:05:14,283 [Worker-51] INFO  o.e.m.c.i.l.LifecycleMappingFactory - Using org.eclipse.m2e.jdt.JarLifecycleMapping lifecycle mapping for MavenProject: com.hzyc.intstudio:gupiao:0.0.1-SNAPSHOT @ E:\工作\工作空间\INT工作室\gupiao\gupiao\pom.xml.
2019-03-04 21:05:15,614 [Worker-51] INFO  o.e.m.c.i.embedder.EclipseLogger - Using 'UTF-8' encoding to copy filtered resources.
2019-03-04 21:05:15,617 [Worker-51] INFO  o.e.m.c.i.embedder.EclipseLogger - Copying 0 resource to META-INF/resources
2019-03-04 21:05:15,618 [Worker-51] INFO  o.e.m.c.i.embedder.EclipseLogger - Copying 0 resource
2019-03-04 21:05:15,618 [Worker-51] INFO  o.e.m.c.i.embedder.EclipseLogger - skip non existing resourceDirectory E:\工作\工作空间\INT工作室\gupiao\gupiao\src\main\java
2019-03-04 21:05:15,622 [Worker-51] INFO  o.e.m.c.i.embedder.EclipseLogger - Using 'UTF-8' encoding to copy filtered resources.
2019-03-04 21:05:15,622 [Worker-51] INFO  o.e.m.c.i.embedder.EclipseLogger - skip non existing resourceDirectory E:\工作\工作空间\INT工作室\gupiao\gupiao\src\test\resources
2019-03-04 21:06:20,891 [Worker-46] INFO  o.e.m.c.i.embedder.EclipseLogger - Using 'UTF-8' encoding to copy filtered resources.
2019-03-04 21:06:20,892 [Worker-46] INFO  o.e.m.c.i.embedder.EclipseLogger - Copying 0 resource to META-INF/resources
2019-03-04 21:06:20,894 [Worker-46] INFO  o.e.m.c.i.embedder.EclipseLogger - Copying 29 resources
2019-03-04 21:06:20,956 [Worker-46] INFO  o.e.m.c.i.embedder.EclipseLogger - skip non existing resourceDirectory E:\工作\工作空间\INT工作室\gupiao\gupiao\src\main\java
2019-03-04 21:06:20,958 [Worker-46] INFO  o.e.m.c.i.embedder.EclipseLogger - Using 'UTF-8' encoding to copy filtered resources.
2019-03-04 21:06:20,958 [Worker-46] INFO  o.e.m.c.i.embedder.EclipseLogger - skip non existing resourceDirectory E:\工作\工作空间\INT工作室\gupiao\gupiao\src\test\resources
2019-03-04 21:07:16,936 [Worker-61] INFO  o.e.m.c.i.embedder.EclipseLogger - Using 'UTF-8' encoding to copy filtered resources.
2019-03-04 21:07:16,937 [Worker-61] INFO  o.e.m.c.i.embedder.EclipseLogger - Copying 0 resource to META-INF/resources
2019-03-04 21:07:16,937 [Worker-61] INFO  o.e.m.c.i.embedder.EclipseLogger - Copying 0 resource
2019-03-04 21:07:16,953 [Worker-61] INFO  o.e.m.c.i.embedder.EclipseLogger - skip non existing resourceDirectory E:\工作\工作空间\INT工作室\gupiao\gupiao\src\main\java
2019-03-04 21:07:16,955 [Worker-61] INFO  o.e.m.c.i.embedder.EclipseLogger - Using 'UTF-8' encoding to copy filtered resources.
2019-03-04 21:07:16,955 [Worker-61] INFO  o.e.m.c.i.embedder.EclipseLogger - skip non existing resourceDirectory E:\工作\工作空间\INT工作室\gupiao\gupiao\src\test\resources
2019-03-04 21:08:33,249 [Worker-62] INFO  o.e.m.c.i.embedder.EclipseLogger - Using 'UTF-8' encoding to copy filtered resources.
2019-03-04 21:08:33,250 [Worker-62] INFO  o.e.m.c.i.embedder.EclipseLogger - Copying 0 resource to META-INF/resources
2019-03-04 21:08:33,250 [Worker-62] INFO  o.e.m.c.i.embedder.EclipseLogger - Copying 0 resource
2019-03-04 21:08:33,250 [Worker-62] INFO  o.e.m.c.i.embedder.EclipseLogger - skip non existing resourceDirectory E:\工作\工作空间\INT工作室\gupiao\gupiao\src\main\java
2019-03-04 21:08:33,252 [Worker-62] INFO  o.e.m.c.i.embedder.EclipseLogger - Using 'UTF-8' encoding to copy filtered resources.
2019-03-04 21:08:33,252 [Worker-62] INFO  o.e.m.c.i.embedder.EclipseLogger - skip non existing resourceDirectory E:\工作\工作空间\INT工作室\gupiao\gupiao\src\test\resources
2019-03-04 21:12:03,685 [Worker-57] INFO  o.e.m.c.i.embedder.EclipseLogger - Using 'UTF-8' encoding to copy filtered resources.
2019-03-04 21:12:03,778 [Worker-57] INFO  o.e.m.c.i.embedder.EclipseLogger - Copying 0 resource to META-INF/resources
2019-03-04 21:12:03,815 [Worker-57] INFO  o.e.m.c.i.embedder.EclipseLogger - Copying 0 resource
2019-03-04 21:12:03,815 [Worker-57] INFO  o.e.m.c.i.embedder.EclipseLogger - skip non existing resourceDirectory E:\工作\工作空间\INT工作室\gupiao\gupiao\src\main\java
2019-03-04 21:12:04,047 [Worker-57] INFO  o.e.m.c.i.embedder.EclipseLogger - Using 'UTF-8' encoding to copy filtered resources.
2019-03-04 21:12:04,047 [Worker-57] INFO  o.e.m.c.i.embedder.EclipseLogger - skip non existing resourceDirectory E:\工作\工作空间\INT工作室\gupiao\gupiao\src\test\resources
2019-03-04 21:13:15,942 [Worker-57] INFO  o.e.m.c.i.embedder.EclipseLogger - Using 'UTF-8' encoding to copy filtered resources.
2019-03-04 21:13:15,950 [Worker-57] INFO  o.e.m.c.i.embedder.EclipseLogger - Copying 2 resources to META-INF/resources
2019-03-04 21:13:15,996 [Worker-57] INFO  o.e.m.c.i.embedder.EclipseLogger - Copying 0 resource
2019-03-04 21:13:16,014 [Worker-57] INFO  o.e.m.c.i.embedder.EclipseLogger - Copying 0 resource
2019-03-04 21:13:16,029 [Worker-57] INFO  o.e.m.c.i.embedder.EclipseLogger - Using 'UTF-8' encoding to copy filtered resources.
2019-03-04 21:13:16,029 [Worker-57] INFO  o.e.m.c.i.embedder.EclipseLogger - skip non existing resourceDirectory E:\工作\工作空间\INT工作室\gupiao\gupiao\src\test\resources
2019-03-04 21:13:55,455 [Worker-62] INFO  o.e.m.c.i.embedder.EclipseLogger - Using 'UTF-8' encoding to copy filtered resources.
2019-03-04 21:13:55,456 [Worker-62] INFO  o.e.m.c.i.embedder.EclipseLogger - Copying 2 resources to META-INF/resources
2019-03-04 21:13:55,457 [Worker-62] INFO  o.e.m.c.i.embedder.EclipseLogger - Copying 0 resource
2019-03-04 21:13:55,462 [Worker-62] INFO  o.e.m.c.i.embedder.EclipseLogger - Copying 0 resource
2019-03-04 21:13:55,465 [Worker-62] INFO  o.e.m.c.i.embedder.EclipseLogger - Using 'UTF-8' encoding to copy filtered resources.
2019-03-04 21:13:55,465 [Worker-62] INFO  o.e.m.c.i.embedder.EclipseLogger - skip non existing resourceDirectory E:\工作\工作空间\INT工作室\gupiao\gupiao\src\test\resources
2019-03-04 21:14:39,100 [Worker-65] INFO  o.e.m.c.i.embedder.EclipseLogger - Using 'UTF-8' encoding to copy filtered resources.
2019-03-04 21:14:39,102 [Worker-65] INFO  o.e.m.c.i.embedder.EclipseLogger - Copying 2 resources to META-INF/resources
2019-03-04 21:14:39,103 [Worker-65] INFO  o.e.m.c.i.embedder.EclipseLogger - Copying 0 resource
2019-03-04 21:14:39,104 [Worker-65] INFO  o.e.m.c.i.embedder.EclipseLogger - Copying 0 resource
2019-03-04 21:14:39,106 [Worker-65] INFO  o.e.m.c.i.embedder.EclipseLogger - Using 'UTF-8' encoding to copy filtered resources.
2019-03-04 21:14:39,106 [Worker-65] INFO  o.e.m.c.i.embedder.EclipseLogger - skip non existing resourceDirectory E:\工作\工作空间\INT工作室\gupiao\gupiao\src\test\resources
2019-03-04 21:15:02,753 [Worker-65] INFO  o.e.m.c.i.embedder.EclipseLogger - Using 'UTF-8' encoding to copy filtered resources.
2019-03-04 21:15:02,754 [Worker-65] INFO  o.e.m.c.i.embedder.EclipseLogger - Copying 2 resources to META-INF/resources
2019-03-04 21:15:02,755 [Worker-65] INFO  o.e.m.c.i.embedder.EclipseLogger - Copying 0 resource
2019-03-04 21:15:02,759 [Worker-65] INFO  o.e.m.c.i.embedder.EclipseLogger - Copying 0 resource
2019-03-04 21:15:02,761 [Worker-65] INFO  o.e.m.c.i.embedder.EclipseLogger - Using 'UTF-8' encoding to copy filtered resources.
2019-03-04 21:15:02,762 [Worker-65] INFO  o.e.m.c.i.embedder.EclipseLogger - skip non existing resourceDirectory E:\工作\工作空间\INT工作室\gupiao\gupiao\src\test\resources
2019-03-04 21:15:12,558 [Worker-65] INFO  o.e.m.c.i.embedder.EclipseLogger - Using 'UTF-8' encoding to copy filtered resources.
2019-03-04 21:15:12,559 [Worker-65] INFO  o.e.m.c.i.embedder.EclipseLogger - Copying 2 resources to META-INF/resources
2019-03-04 21:15:12,560 [Worker-65] INFO  o.e.m.c.i.embedder.EclipseLogger - Copying 0 resource
2019-03-04 21:15:12,583 [Worker-65] INFO  o.e.m.c.i.embedder.EclipseLogger - Copying 0 resource
2019-03-04 21:15:12,585 [Worker-65] INFO  o.e.m.c.i.embedder.EclipseLogger - Using 'UTF-8' encoding to copy filtered resources.
2019-03-04 21:15:12,585 [Worker-65] INFO  o.e.m.c.i.embedder.EclipseLogger - skip non existing resourceDirectory E:\工作\工作空间\INT工作室\gupiao\gupiao\src\test\resources
2019-03-04 21:15:33,585 [Worker-58] INFO  o.e.m.c.i.embedder.EclipseLogger - Using 'UTF-8' encoding to copy filtered resources.
2019-03-04 21:15:33,586 [Worker-58] INFO  o.e.m.c.i.embedder.EclipseLogger - Copying 2 resources to META-INF/resources
2019-03-04 21:15:33,587 [Worker-58] INFO  o.e.m.c.i.embedder.EclipseLogger - Copying 0 resource
2019-03-04 21:15:33,588 [Worker-58] INFO  o.e.m.c.i.embedder.EclipseLogger - Copying 0 resource
2019-03-04 21:15:33,594 [Worker-58] INFO  o.e.m.c.i.embedder.EclipseLogger - Using 'UTF-8' encoding to copy filtered resources.
2019-03-04 21:15:33,595 [Worker-58] INFO  o.e.m.c.i.embedder.EclipseLogger - skip non existing resourceDirectory E:\工作\工作空间\INT工作室\gupiao\gupiao\src\test\resources
2019-03-04 21:15:46,233 [Worker-57] INFO  o.e.m.c.i.embedder.EclipseLogger - Using 'UTF-8' encoding to copy filtered resources.
2019-03-04 21:15:46,234 [Worker-57] INFO  o.e.m.c.i.embedder.EclipseLogger - Copying 2 resources to META-INF/resources
2019-03-04 21:15:46,235 [Worker-57] INFO  o.e.m.c.i.embedder.EclipseLogger - Copying 0 resource
2019-03-04 21:15:46,236 [Worker-57] INFO  o.e.m.c.i.embedder.EclipseLogger - Copying 0 resource
2019-03-04 21:15:46,238 [Worker-57] INFO  o.e.m.c.i.embedder.EclipseLogger - Using 'UTF-8' encoding to copy filtered resources.
2019-03-04 21:15:46,238 [Worker-57] INFO  o.e.m.c.i.embedder.EclipseLogger - skip non existing resourceDirectory E:\工作\工作空间\INT工作室\gupiao\gupiao\src\test\resources
2019-03-04 21:16:03,461 [Worker-62] INFO  o.e.m.c.i.embedder.EclipseLogger - Using 'UTF-8' encoding to copy filtered resources.
2019-03-04 21:16:03,462 [Worker-62] INFO  o.e.m.c.i.embedder.EclipseLogger - Copying 2 resources to META-INF/resources
2019-03-04 21:16:03,463 [Worker-62] INFO  o.e.m.c.i.embedder.EclipseLogger - Copying 0 resource
2019-03-04 21:16:03,465 [Worker-62] INFO  o.e.m.c.i.embedder.EclipseLogger - Copying 0 resource
2019-03-04 21:16:03,490 [Worker-62] INFO  o.e.m.c.i.embedder.EclipseLogger - Using 'UTF-8' encoding to copy filtered resources.
2019-03-04 21:16:03,491 [Worker-62] INFO  o.e.m.c.i.embedder.EclipseLogger - skip non existing resourceDirectory E:\工作\工作空间\INT工作室\gupiao\gupiao\src\test\resources
2019-03-04 21:16:24,047 [Worker-69] INFO  o.e.m.c.i.embedder.EclipseLogger - Using 'UTF-8' encoding to copy filtered resources.
2019-03-04 21:16:24,048 [Worker-69] INFO  o.e.m.c.i.embedder.EclipseLogger - Copying 2 resources to META-INF/resources
2019-03-04 21:16:24,049 [Worker-69] INFO  o.e.m.c.i.embedder.EclipseLogger - Copying 0 resource
2019-03-04 21:16:24,052 [Worker-69] INFO  o.e.m.c.i.embedder.EclipseLogger - Copying 0 resource
2019-03-04 21:16:24,055 [Worker-69] INFO  o.e.m.c.i.embedder.EclipseLogger - Using 'UTF-8' encoding to copy filtered resources.
2019-03-04 21:16:24,055 [Worker-69] INFO  o.e.m.c.i.embedder.EclipseLogger - skip non existing resourceDirectory E:\工作\工作空间\INT工作室\gupiao\gupiao\src\test\resources
2019-03-04 21:16:38,284 [Worker-62] INFO  o.e.m.c.i.embedder.EclipseLogger - Using 'UTF-8' encoding to copy filtered resources.
2019-03-04 21:16:38,285 [Worker-62] INFO  o.e.m.c.i.embedder.EclipseLogger - Copying 2 resources to META-INF/resources
2019-03-04 21:16:38,286 [Worker-62] INFO  o.e.m.c.i.embedder.EclipseLogger - Copying 0 resource
2019-03-04 21:16:38,300 [Worker-62] INFO  o.e.m.c.i.embedder.EclipseLogger - Copying 0 resource
2019-03-04 21:16:38,302 [Worker-62] INFO  o.e.m.c.i.embedder.EclipseLogger - Using 'UTF-8' encoding to copy filtered resources.
2019-03-04 21:16:38,302 [Worker-62] INFO  o.e.m.c.i.embedder.EclipseLogger - skip non existing resourceDirectory E:\工作\工作空间\INT工作室\gupiao\gupiao\src\test\resources
2019-03-04 21:16:50,846 [Worker-62] INFO  o.e.m.c.i.embedder.EclipseLogger - Using 'UTF-8' encoding to copy filtered resources.
2019-03-04 21:16:50,848 [Worker-62] INFO  o.e.m.c.i.embedder.EclipseLogger - Copying 2 resources to META-INF/resources
2019-03-04 21:16:50,849 [Worker-62] INFO  o.e.m.c.i.embedder.EclipseLogger - Copying 0 resource
2019-03-04 21:16:50,851 [Worker-62] INFO  o.e.m.c.i.embedder.EclipseLogger - Copying 0 resource
2019-03-04 21:16:50,864 [Worker-62] INFO  o.e.m.c.i.embedder.EclipseLogger - Using 'UTF-8' encoding to copy filtered resources.
2019-03-04 21:16:50,864 [Worker-62] INFO  o.e.m.c.i.embedder.EclipseLogger - skip non existing resourceDirectory E:\工作\工作空间\INT工作室\gupiao\gupiao\src\test\resources
2019-03-04 21:17:02,259 [Worker-62] INFO  o.e.m.c.i.embedder.EclipseLogger - Using 'UTF-8' encoding to copy filtered resources.
2019-03-04 21:17:02,261 [Worker-62] INFO  o.e.m.c.i.embedder.EclipseLogger - Copying 2 resources to META-INF/resources
2019-03-04 21:17:02,263 [Worker-62] INFO  o.e.m.c.i.embedder.EclipseLogger - Copying 0 resource
2019-03-04 21:17:02,266 [Worker-62] INFO  o.e.m.c.i.embedder.EclipseLogger - Copying 0 resource
2019-03-04 21:17:02,327 [Worker-62] INFO  o.e.m.c.i.embedder.EclipseLogger - Using 'UTF-8' encoding to copy filtered resources.
2019-03-04 21:17:02,334 [Worker-62] INFO  o.e.m.c.i.embedder.EclipseLogger - skip non existing resourceDirectory E:\工作\工作空间\INT工作室\gupiao\gupiao\src\test\resources
2019-03-04 21:17:24,863 [Worker-67] INFO  o.e.m.c.i.embedder.EclipseLogger - Using 'UTF-8' encoding to copy filtered resources.
2019-03-04 21:17:24,865 [Worker-67] INFO  o.e.m.c.i.embedder.EclipseLogger - Copying 2 resources to META-INF/resources
2019-03-04 21:17:24,867 [Worker-67] INFO  o.e.m.c.i.embedder.EclipseLogger - Copying 0 resource
2019-03-04 21:17:24,869 [Worker-67] INFO  o.e.m.c.i.embedder.EclipseLogger - Copying 0 resource
2019-03-04 21:17:24,871 [Worker-67] INFO  o.e.m.c.i.embedder.EclipseLogger - Using 'UTF-8' encoding to copy filtered resources.
2019-03-04 21:17:24,871 [Worker-67] INFO  o.e.m.c.i.embedder.EclipseLogger - skip non existing resourceDirectory E:\工作\工作空间\INT工作室\gupiao\gupiao\src\test\resources
2019-03-04 21:17:39,032 [Worker-69] INFO  o.e.m.c.i.embedder.EclipseLogger - Using 'UTF-8' encoding to copy filtered resources.
2019-03-04 21:17:39,034 [Worker-69] INFO  o.e.m.c.i.embedder.EclipseLogger - Copying 2 resources to META-INF/resources
2019-03-04 21:17:39,036 [Worker-69] INFO  o.e.m.c.i.embedder.EclipseLogger - Copying 0 resource
2019-03-04 21:17:39,040 [Worker-69] INFO  o.e.m.c.i.embedder.EclipseLogger - Copying 0 resource
2019-03-04 21:17:39,042 [Worker-69] INFO  o.e.m.c.i.embedder.EclipseLogger - Using 'UTF-8' encoding to copy filtered resources.
2019-03-04 21:17:39,042 [Worker-69] INFO  o.e.m.c.i.embedder.EclipseLogger - skip non existing resourceDirectory E:\工作\工作空间\INT工作室\gupiao\gupiao\src\test\resources
2019-03-04 21:17:48,767 [Worker-57] INFO  o.e.m.c.i.embedder.EclipseLogger - Using 'UTF-8' encoding to copy filtered resources.
2019-03-04 21:17:48,768 [Worker-57] INFO  o.e.m.c.i.embedder.EclipseLogger - Copying 2 resources to META-INF/resources
2019-03-04 21:17:48,769 [Worker-57] INFO  o.e.m.c.i.embedder.EclipseLogger - Copying 0 resource
2019-03-04 21:17:48,772 [Worker-57] INFO  o.e.m.c.i.embedder.EclipseLogger - Copying 0 resource
2019-03-04 21:17:49,110 [Worker-57] INFO  o.e.m.c.i.embedder.EclipseLogger - Using 'UTF-8' encoding to copy filtered resources.
2019-03-04 21:17:49,111 [Worker-57] INFO  o.e.m.c.i.embedder.EclipseLogger - skip non existing resourceDirectory E:\工作\工作空间\INT工作室\gupiao\gupiao\src\test\resources
2019-03-04 21:18:01,017 [Worker-62] INFO  o.e.m.c.i.embedder.EclipseLogger - Using 'UTF-8' encoding to copy filtered resources.
2019-03-04 21:18:01,017 [Worker-62] INFO  o.e.m.c.i.embedder.EclipseLogger - Copying 0 resource to META-INF/resources
2019-03-04 21:18:01,017 [Worker-62] INFO  o.e.m.c.i.embedder.EclipseLogger - Copying 0 resource
2019-03-04 21:18:01,017 [Worker-62] INFO  o.e.m.c.i.embedder.EclipseLogger - Copying 0 resource
2019-03-04 21:18:01,020 [Worker-62] INFO  o.e.m.c.i.embedder.EclipseLogger - Using 'UTF-8' encoding to copy filtered resources.
2019-03-04 21:18:01,020 [Worker-62] INFO  o.e.m.c.i.embedder.EclipseLogger - skip non existing resourceDirectory E:\工作\工作空间\INT工作室\gupiao\gupiao\src\test\resources
2019-03-04 21:18:15,311 [Worker-65] INFO  o.e.m.c.i.embedder.EclipseLogger - Using 'UTF-8' encoding to copy filtered resources.
2019-03-04 21:18:15,312 [Worker-65] INFO  o.e.m.c.i.embedder.EclipseLogger - Copying 2 resources to META-INF/resources
2019-03-04 21:18:15,313 [Worker-65] INFO  o.e.m.c.i.embedder.EclipseLogger - Copying 0 resource
2019-03-04 21:18:15,316 [Worker-65] INFO  o.e.m.c.i.embedder.EclipseLogger - Copying 0 resource
2019-03-04 21:18:15,319 [Worker-65] INFO  o.e.m.c.i.embedder.EclipseLogger - Using 'UTF-8' encoding to copy filtered resources.
2019-03-04 21:18:15,319 [Worker-65] INFO  o.e.m.c.i.embedder.EclipseLogger - skip non existing resourceDirectory E:\工作\工作空间\INT工作室\gupiao\gupiao\src\test\resources
2019-03-04 21:18:27,795 [Worker-62] INFO  o.e.m.c.i.embedder.EclipseLogger - Using 'UTF-8' encoding to copy filtered resources.
2019-03-04 21:18:27,796 [Worker-62] INFO  o.e.m.c.i.embedder.EclipseLogger - Copying 2 resources to META-INF/resources
2019-03-04 21:18:27,797 [Worker-62] INFO  o.e.m.c.i.embedder.EclipseLogger - Copying 0 resource
2019-03-04 21:18:27,800 [Worker-62] INFO  o.e.m.c.i.embedder.EclipseLogger - Copying 0 resource
2019-03-04 21:18:27,802 [Worker-62] INFO  o.e.m.c.i.embedder.EclipseLogger - Using 'UTF-8' encoding to copy filtered resources.
2019-03-04 21:18:27,802 [Worker-62] INFO  o.e.m.c.i.embedder.EclipseLogger - skip non existing resourceDirectory E:\工作\工作空间\INT工作室\gupiao\gupiao\src\test\resources
2019-03-04 21:18:58,098 [Worker-67] INFO  o.e.m.c.i.embedder.EclipseLogger - Using 'UTF-8' encoding to copy filtered resources.
2019-03-04 21:18:58,100 [Worker-67] INFO  o.e.m.c.i.embedder.EclipseLogger - Copying 2 resources to META-INF/resources
2019-03-04 21:18:58,101 [Worker-67] INFO  o.e.m.c.i.embedder.EclipseLogger - Copying 0 resource
2019-03-04 21:18:58,105 [Worker-67] INFO  o.e.m.c.i.embedder.EclipseLogger - Copying 0 resource
2019-03-04 21:18:58,107 [Worker-67] INFO  o.e.m.c.i.embedder.EclipseLogger - Using 'UTF-8' encoding to copy filtered resources.
2019-03-04 21:18:58,107 [Worker-67] INFO  o.e.m.c.i.embedder.EclipseLogger - skip non existing resourceDirectory E:\工作\工作空间\INT工作室\gupiao\gupiao\src\test\resources
2019-03-04 21:19:06,098 [Worker-57] INFO  o.e.m.c.i.embedder.EclipseLogger - Using 'UTF-8' encoding to copy filtered resources.
2019-03-04 21:19:06,099 [Worker-57] INFO  o.e.m.c.i.embedder.EclipseLogger - Copying 2 resources to META-INF/resources
2019-03-04 21:19:06,100 [Worker-57] INFO  o.e.m.c.i.embedder.EclipseLogger - Copying 0 resource
2019-03-04 21:19:06,104 [Worker-57] INFO  o.e.m.c.i.embedder.EclipseLogger - Copying 0 resource
2019-03-04 21:19:06,106 [Worker-57] INFO  o.e.m.c.i.embedder.EclipseLogger - Using 'UTF-8' encoding to copy filtered resources.
2019-03-04 21:19:06,106 [Worker-57] INFO  o.e.m.c.i.embedder.EclipseLogger - skip non existing resourceDirectory E:\工作\工作空间\INT工作室\gupiao\gupiao\src\test\resources
2019-03-04 21:19:14,966 [Worker-69] INFO  o.e.m.c.i.embedder.EclipseLogger - Using 'UTF-8' encoding to copy filtered resources.
2019-03-04 21:19:14,967 [Worker-69] INFO  o.e.m.c.i.embedder.EclipseLogger - Copying 2 resources to META-INF/resources
2019-03-04 21:19:14,968 [Worker-69] INFO  o.e.m.c.i.embedder.EclipseLogger - Copying 0 resource
2019-03-04 21:19:14,973 [Worker-69] INFO  o.e.m.c.i.embedder.EclipseLogger - Copying 0 resource
2019-03-04 21:19:14,975 [Worker-69] INFO  o.e.m.c.i.embedder.EclipseLogger - Using 'UTF-8' encoding to copy filtered resources.
2019-03-04 21:19:14,975 [Worker-69] INFO  o.e.m.c.i.embedder.EclipseLogger - skip non existing resourceDirectory E:\工作\工作空间\INT工作室\gupiao\gupiao\src\test\resources
2019-03-04 21:21:42,835 [Worker-71] INFO  o.e.m.c.i.embedder.EclipseLogger - Using 'UTF-8' encoding to copy filtered resources.
2019-03-04 21:21:42,836 [Worker-71] INFO  o.e.m.c.i.embedder.EclipseLogger - Copying 2 resources to META-INF/resources
2019-03-04 21:21:42,838 [Worker-71] INFO  o.e.m.c.i.embedder.EclipseLogger - Copying 0 resource
2019-03-04 21:21:42,843 [Worker-71] INFO  o.e.m.c.i.embedder.EclipseLogger - Copying 0 resource
2019-03-04 21:21:42,846 [Worker-71] INFO  o.e.m.c.i.embedder.EclipseLogger - Using 'UTF-8' encoding to copy filtered resources.
2019-03-04 21:21:42,846 [Worker-71] INFO  o.e.m.c.i.embedder.EclipseLogger - skip non existing resourceDirectory E:\工作\工作空间\INT工作室\gupiao\gupiao\src\test\resources
2019-03-04 21:21:54,449 [Worker-75] INFO  o.e.m.c.i.embedder.EclipseLogger - Using 'UTF-8' encoding to copy filtered resources.
2019-03-04 21:21:54,450 [Worker-75] INFO  o.e.m.c.i.embedder.EclipseLogger - Copying 2 resources to META-INF/resources
2019-03-04 21:21:54,451 [Worker-75] INFO  o.e.m.c.i.embedder.EclipseLogger - Copying 0 resource
2019-03-04 21:21:54,455 [Worker-75] INFO  o.e.m.c.i.embedder.EclipseLogger - Copying 0 resource
2019-03-04 21:21:54,457 [Worker-75] INFO  o.e.m.c.i.embedder.EclipseLogger - Using 'UTF-8' encoding to copy filtered resources.
2019-03-04 21:21:54,458 [Worker-75] INFO  o.e.m.c.i.embedder.EclipseLogger - skip non existing resourceDirectory E:\工作\工作空间\INT工作室\gupiao\gupiao\src\test\resources
2019-03-04 21:31:18,760 [Worker-5] INFO  c.g.t.t.d.PublishedGradleVersions - Gradle version information cache is up-to-date. Trying to read.
2019-03-04 21:31:33,467 [Worker-12] INFO  o.e.m.c.i.l.LifecycleMappingFactory - Using org.eclipse.m2e.jdt.JarLifecycleMapping lifecycle mapping for MavenProject: com.hzyc.intstudio:gupiao:0.0.1-SNAPSHOT @ E:\工作\工作空间\INT工作室\gupiao\gupiao\pom.xml.
2019-03-04 21:31:33,467 [Worker-10] INFO  o.e.m.c.i.l.LifecycleMappingFactory - Using org.eclipse.m2e.jdt.JarLifecycleMapping lifecycle mapping for MavenProject: com.hzyc.intstudio:gupiao:0.0.1-SNAPSHOT @ E:\工作\工作空间\INT工作室\gupiao\gupiao\pom.xml.
2019-03-04 21:31:37,606 [Worker-12] INFO  o.e.m.c.i.embedder.EclipseLogger - Using 'UTF-8' encoding to copy filtered resources.
2019-03-04 21:31:37,610 [Worker-12] INFO  o.e.m.c.i.embedder.EclipseLogger - Copying 2 resources to META-INF/resources
2019-03-04 21:31:37,667 [Worker-12] INFO  o.e.m.c.i.embedder.EclipseLogger - Copying 0 resource
2019-03-04 21:31:37,668 [Worker-12] INFO  o.e.m.c.i.embedder.EclipseLogger - Copying 0 resource
2019-03-04 21:31:37,670 [Worker-12] INFO  o.e.m.c.i.embedder.EclipseLogger - Using 'UTF-8' encoding to copy filtered resources.
2019-03-04 21:31:37,670 [Worker-12] INFO  o.e.m.c.i.embedder.EclipseLogger - skip non existing resourceDirectory E:\工作\工作空间\INT工作室\gupiao\gupiao\src\test\resources
2019-03-04 21:31:39,495 [Worker-11] INFO  o.e.m.c.i.l.LifecycleMappingFactory - Using org.eclipse.m2e.jdt.JarLifecycleMapping lifecycle mapping for MavenProject: com.hzyc.intstudio:gupiao:0.0.1-SNAPSHOT @ E:\工作\工作空间\INT工作室\gupiao\gupiao\pom.xml.
2019-03-04 21:31:41,890 [Worker-0] INFO  o.e.m.c.i.embedder.EclipseLogger - Using 'UTF-8' encoding to copy filtered resources.
2019-03-04 21:31:41,893 [Worker-0] INFO  o.e.m.c.i.embedder.EclipseLogger - Copying 0 resource to META-INF/resources
2019-03-04 21:31:41,893 [Worker-0] INFO  o.e.m.c.i.embedder.EclipseLogger - Copying 0 resource
2019-03-04 21:31:41,893 [Worker-0] INFO  o.e.m.c.i.embedder.EclipseLogger - Copying 0 resource
2019-03-04 21:31:41,895 [Worker-0] INFO  o.e.m.c.i.embedder.EclipseLogger - Using 'UTF-8' encoding to copy filtered resources.
2019-03-04 21:31:41,896 [Worker-0] INFO  o.e.m.c.i.embedder.EclipseLogger - skip non existing resourceDirectory E:\工作\工作空间\INT工作室\gupiao\gupiao\src\test\resources
2019-03-04 21:32:20,463 [Worker-5] INFO  o.e.m.c.i.embedder.EclipseLogger - Using 'UTF-8' encoding to copy filtered resources.
2019-03-04 21:32:20,466 [Worker-5] INFO  o.e.m.c.i.embedder.EclipseLogger - Copying 2 resources to META-INF/resources
2019-03-04 21:32:20,478 [Worker-5] INFO  o.e.m.c.i.embedder.EclipseLogger - Copying 0 resource
2019-03-04 21:32:20,483 [Worker-5] INFO  o.e.m.c.i.embedder.EclipseLogger - Copying 0 resource
2019-03-04 21:32:20,485 [Worker-5] INFO  o.e.m.c.i.embedder.EclipseLogger - Using 'UTF-8' encoding to copy filtered resources.
2019-03-04 21:32:20,485 [Worker-5] INFO  o.e.m.c.i.embedder.EclipseLogger - skip non existing resourceDirectory E:\工作\工作空间\INT工作室\gupiao\gupiao\src\test\resources
2019-03-04 21:32:22,035 [Worker-3] INFO  o.e.m.c.i.embedder.EclipseLogger - Using 'UTF-8' encoding to copy filtered resources.
2019-03-04 21:32:22,037 [Worker-3] INFO  o.e.m.c.i.embedder.EclipseLogger - Copying 1 resource to META-INF/resources
2019-03-04 21:32:22,037 [Worker-3] INFO  o.e.m.c.i.embedder.EclipseLogger - Copying 0 resource
2019-03-04 21:32:22,037 [Worker-3] INFO  o.e.m.c.i.embedder.EclipseLogger - Copying 0 resource
2019-03-04 21:32:22,039 [Worker-3] INFO  o.e.m.c.i.embedder.EclipseLogger - Using 'UTF-8' encoding to copy filtered resources.
2019-03-04 21:32:22,039 [Worker-3] INFO  o.e.m.c.i.embedder.EclipseLogger - skip non existing resourceDirectory E:\工作\工作空间\INT工作室\gupiao\gupiao\src\test\resources
2019-03-04 21:32:45,548 [Worker-12] INFO  o.e.m.c.i.embedder.EclipseLogger - Using 'UTF-8' encoding to copy filtered resources.
2019-03-04 21:32:45,549 [Worker-12] INFO  o.e.m.c.i.embedder.EclipseLogger - Copying 2 resources to META-INF/resources
2019-03-04 21:32:45,552 [Worker-12] INFO  o.e.m.c.i.embedder.EclipseLogger - Copying 0 resource
2019-03-04 21:32:45,557 [Worker-12] INFO  o.e.m.c.i.embedder.EclipseLogger - Copying 0 resource
2019-03-04 21:32:45,559 [Worker-12] INFO  o.e.m.c.i.embedder.EclipseLogger - Using 'UTF-8' encoding to copy filtered resources.
2019-03-04 21:32:45,559 [Worker-12] INFO  o.e.m.c.i.embedder.EclipseLogger - skip non existing resourceDirectory E:\工作\工作空间\INT工作室\gupiao\gupiao\src\test\resources
2019-03-04 21:33:09,699 [Worker-3] INFO  o.e.m.c.i.embedder.EclipseLogger - Using 'UTF-8' encoding to copy filtered resources.
2019-03-04 21:33:09,700 [Worker-3] INFO  o.e.m.c.i.embedder.EclipseLogger - Copying 2 resources to META-INF/resources
2019-03-04 21:33:09,701 [Worker-3] INFO  o.e.m.c.i.embedder.EclipseLogger - Copying 0 resource
2019-03-04 21:33:09,705 [Worker-3] INFO  o.e.m.c.i.embedder.EclipseLogger - Copying 0 resource
2019-03-04 21:33:09,707 [Worker-3] INFO  o.e.m.c.i.embedder.EclipseLogger - Using 'UTF-8' encoding to copy filtered resources.
2019-03-04 21:33:09,707 [Worker-3] INFO  o.e.m.c.i.embedder.EclipseLogger - skip non existing resourceDirectory E:\工作\工作空间\INT工作室\gupiao\gupiao\src\test\resources
2019-03-04 21:34:06,859 [Worker-10] INFO  o.e.m.c.i.embedder.EclipseLogger - Using 'UTF-8' encoding to copy filtered resources.
2019-03-04 21:34:06,859 [Worker-10] INFO  o.e.m.c.i.embedder.EclipseLogger - Copying 0 resource to META-INF/resources
2019-03-04 21:34:06,859 [Worker-10] INFO  o.e.m.c.i.embedder.EclipseLogger - Copying 0 resource
2019-03-04 21:34:06,860 [Worker-10] INFO  o.e.m.c.i.embedder.EclipseLogger - Copying 0 resource
2019-03-04 21:34:06,865 [Worker-10] INFO  o.e.m.c.i.embedder.EclipseLogger - Using 'UTF-8' encoding to copy filtered resources.
2019-03-04 21:34:06,865 [Worker-10] INFO  o.e.m.c.i.embedder.EclipseLogger - skip non existing resourceDirectory E:\工作\工作空间\INT工作室\gupiao\gupiao\src\test\resources
2019-03-04 21:34:17,846 [Worker-18] INFO  o.e.m.c.i.embedder.EclipseLogger - Using 'UTF-8' encoding to copy filtered resources.
2019-03-04 21:34:17,846 [Worker-18] INFO  o.e.m.c.i.embedder.EclipseLogger - Copying 0 resource to META-INF/resources
2019-03-04 21:34:17,846 [Worker-18] INFO  o.e.m.c.i.embedder.EclipseLogger - Copying 0 resource
2019-03-04 21:34:17,846 [Worker-18] INFO  o.e.m.c.i.embedder.EclipseLogger - Copying 0 resource
2019-03-04 21:34:17,849 [Worker-18] INFO  o.e.m.c.i.embedder.EclipseLogger - Using 'UTF-8' encoding to copy filtered resources.
2019-03-04 21:34:17,849 [Worker-18] INFO  o.e.m.c.i.embedder.EclipseLogger - skip non existing resourceDirectory E:\工作\工作空间\INT工作室\gupiao\gupiao\src\test\resources
2019-03-04 21:38:52,986 [Worker-10] INFO  o.e.m.c.i.embedder.EclipseLogger - Using 'UTF-8' encoding to copy filtered resources.
2019-03-04 21:38:52,986 [Worker-10] INFO  o.e.m.c.i.embedder.EclipseLogger - Copying 0 resource to META-INF/resources
2019-03-04 21:38:52,986 [Worker-10] INFO  o.e.m.c.i.embedder.EclipseLogger - Copying 0 resource
2019-03-04 21:38:52,986 [Worker-10] INFO  o.e.m.c.i.embedder.EclipseLogger - Copying 0 resource
2019-03-04 21:38:52,986 [Worker-10] INFO  o.e.m.c.i.embedder.EclipseLogger - Using 'UTF-8' encoding to copy filtered resources.
2019-03-04 21:38:52,986 [Worker-10] INFO  o.e.m.c.i.embedder.EclipseLogger - skip non existing resourceDirectory E:\工作\工作空间\INT工作室\gupiao\gupiao\src\test\resources
2019-03-04 21:39:13,577 [Worker-21] INFO  o.e.m.c.i.embedder.EclipseLogger - Using 'UTF-8' encoding to copy filtered resources.
2019-03-04 21:39:13,577 [Worker-21] INFO  o.e.m.c.i.embedder.EclipseLogger - Copying 0 resource to META-INF/resources
2019-03-04 21:39:13,577 [Worker-21] INFO  o.e.m.c.i.embedder.EclipseLogger - Copying 5 resources
2019-03-04 21:39:13,593 [Worker-21] INFO  o.e.m.c.i.embedder.EclipseLogger - Copying 0 resource
2019-03-04 21:39:13,593 [Worker-21] INFO  o.e.m.c.i.embedder.EclipseLogger - Using 'UTF-8' encoding to copy filtered resources.
2019-03-04 21:39:13,593 [Worker-21] INFO  o.e.m.c.i.embedder.EclipseLogger - skip non existing resourceDirectory E:\工作\工作空间\INT工作室\gupiao\gupiao\src\test\resources
2019-03-04 21:40:01,732 [Worker-22] INFO  o.e.m.c.i.embedder.EclipseLogger - Using 'UTF-8' encoding to copy filtered resources.
2019-03-04 21:40:01,732 [Worker-22] INFO  o.e.m.c.i.embedder.EclipseLogger - Copying 870 resources to META-INF/resources
2019-03-04 21:40:03,623 [Worker-22] INFO  o.e.m.c.i.embedder.EclipseLogger - Copying 0 resource
2019-03-04 21:40:03,623 [Worker-22] INFO  o.e.m.c.i.embedder.EclipseLogger - Copying 0 resource
2019-03-04 21:40:03,638 [Worker-22] INFO  o.e.m.c.i.embedder.EclipseLogger - Using 'UTF-8' encoding to copy filtered resources.
2019-03-04 21:40:03,638 [Worker-22] INFO  o.e.m.c.i.embedder.EclipseLogger - skip non existing resourceDirectory E:\工作\工作空间\INT工作室\gupiao\gupiao\src\test\resources
2019-03-04 21:46:00,539 [Worker-25] INFO  o.e.m.c.i.embedder.EclipseLogger - Using 'UTF-8' encoding to copy filtered resources.
2019-03-04 21:46:00,617 [Worker-25] INFO  o.e.m.c.i.embedder.EclipseLogger - Copying 871 resources to META-INF/resources
2019-03-04 21:46:00,773 [Worker-25] INFO  o.e.m.c.i.embedder.EclipseLogger - Copying 5 resources
2019-03-04 21:46:00,789 [Worker-25] INFO  o.e.m.c.i.embedder.EclipseLogger - Copying 0 resource
2019-03-04 21:46:00,789 [Worker-25] INFO  o.e.m.c.i.embedder.EclipseLogger - Using 'UTF-8' encoding to copy filtered resources.
2019-03-04 21:46:00,789 [Worker-25] INFO  o.e.m.c.i.embedder.EclipseLogger - skip non existing resourceDirectory E:\工作\工作空间\INT工作室\gupiao\gupiao\src\test\resources
